SF:lib\domain\entities\post.dart
DA:8,3
DA:10,1
DA:11,4
LF:3
LH:3
end_of_record
SF:lib\presentation\bloc\posts\posts_bloc.dart
DA:9,3
DA:10,2
DA:11,2
DA:14,1
DA:18,2
DA:20,2
DA:21,2
DA:23,3
DA:27,0
DA:31,0
DA:33,0
DA:34,0
DA:36,0
LF:13
LH:8
end_of_record
SF:lib\presentation\bloc\posts\posts_event.dart
DA:4,2
DA:6,0
DA:7,0
LF:3
LH:1
end_of_record
SF:lib\presentation\bloc\posts\posts_state.dart
DA:5,2
DA:7,1
DA:8,1
DA:16,2
DA:18,1
DA:19,2
DA:25,1
DA:27,1
DA:28,2
LF:9
LH:9
end_of_record
SF:lib\domain\entities\comment.dart
DA:9,0
DA:16,0
DA:17,0
LF:3
LH:0
end_of_record
SF:lib\data\datasources\post_local_data_source.dart
DA:17,0
DA:19,0
DA:21,0
DA:22,0
DA:23,0
DA:24,0
DA:28,0
DA:29,0
DA:30,0
DA:34,0
DA:36,0
DA:37,0
DA:38,0
DA:39,0
DA:40,0
DA:42,0
DA:45,0
DA:47,0
DA:48,0
LF:19
LH:0
end_of_record
SF:lib\data\datasources\post_remote_data_source.dart
DA:17,0
DA:21,0
DA:23,0
DA:24,0
DA:25,0
DA:26,0
DA:28,0
DA:32,0
DA:34,0
DA:35,0
DA:36,0
DA:38,0
DA:42,0
DA:45,0
DA:46,0
DA:47,0
DA:48,0
DA:50,0
LF:18
LH:0
end_of_record
SF:lib\data\models\post_model.dart
DA:8,1
DA:14,0
DA:15,0
DA:17,0
LF:4
LH:1
end_of_record
SF:lib\data\models\post_model.g.dart
DA:9,0
DA:10,0
DA:11,0
DA:12,0
DA:15,0
DA:16,0
DA:17,0
DA:18,0
LF:8
LH:0
end_of_record
SF:lib\data\repositories\post_repository_impl.dart
DA:12,1
DA:14,1
DA:15,2
DA:17,0
DA:18,0
DA:20,0
DA:22,0
DA:24,0
DA:26,0
DA:27,0
DA:30,0
DA:31,0
DA:33,0
DA:35,0
DA:36,0
LF:15
LH:3
end_of_record
SF:lib\data\models\comment_model.dart
DA:8,0
DA:15,0
DA:16,0
DA:18,0
LF:4
LH:0
end_of_record
SF:lib\data\models\comment_model.g.dart
DA:9,0
DA:10,0
DA:11,0
DA:12,0
DA:13,0
DA:16,0
DA:17,0
DA:18,0
DA:19,0
DA:20,0
DA:21,0
LF:11
LH:0
end_of_record
SF:lib\presentation\pages\posts_page.dart
DA:11,1
DA:13,1
DA:15,3
DA:17,1
DA:18,1
DA:19,1
DA:21,1
DA:22,1
DA:23,1
DA:24,1
DA:25,1
DA:26,1
DA:27,1
DA:29,0
DA:30,0
DA:35,0
DA:36,0
LF:17
LH:13
end_of_record
SF:lib\core\localization\app_localization.dart
DA:9,0
DA:11,0
DA:12,0
DA:14,0
DA:15,0
DA:16,0
DA:18,0
DA:20,0
DA:21,0
DA:26,0
DA:34,1
DA:36,0
DA:37,0
DA:39,0
DA:41,0
DA:42,0
DA:46,0
LF:17
LH:1
end_of_record
SF:lib\core\navigation\app_router.dart
DA:10,0
DA:11,0
DA:13,0
DA:14,0
DA:15,0
DA:17,0
DA:18,0
DA:20,0
DA:22,0
DA:23,0
DA:29,0
DA:31,0
DA:33,0
DA:35,0
DA:37,0
DA:38,0
LF:16
LH:0
end_of_record
SF:lib\presentation\pages\comments_page.dart
DA:11,0
DA:13,0
DA:15,0
DA:17,0
DA:18,0
DA:19,0
DA:21,0
DA:22,0
DA:23,0
DA:25,0
DA:26,0
DA:27,0
DA:28,0
DA:29,0
DA:30,0
DA:34,0
DA:36,0
DA:37,0
DA:38,0
DA:39,0
DA:40,0
DA:41,0
DA:42,0
DA:43,0
DA:44,0
DA:50,0
DA:51,0
LF:27
LH:0
end_of_record
SF:lib\presentation\pages\home_page.dart
DA:11,1
DA:13,0
DA:14,0
DA:21,0
DA:23,0
DA:24,0
DA:26,0
DA:29,0
DA:31,0
DA:32,0
DA:33,0
DA:34,0
DA:35,0
DA:36,0
DA:37,0
DA:38,0
DA:39,0
DA:40,0
DA:42,0
DA:43,0
DA:45,0
DA:46,0
DA:47,0
DA:49,0
DA:51,0
DA:53,0
DA:56,0
DA:57,0
DA:73,0
DA:74,0
LF:30
LH:1
end_of_record
SF:lib\presentation\pages\post_details_page.dart
DA:15,0
DA:17,0
DA:19,0
DA:21,0
DA:22,0
DA:23,0
DA:25,0
DA:26,0
DA:27,0
DA:29,0
DA:30,0
DA:31,0
DA:32,0
DA:34,0
DA:36,0
DA:37,0
DA:38,0
DA:39,0
DA:42,0
DA:44,0
DA:45,0
DA:46,0
DA:47,0
DA:50,0
DA:52,0
DA:54,0
DA:55,0
DA:57,0
DA:59,0
DA:60,0
DA:61,0
DA:64,0
DA:65,0
DA:70,0
DA:72,0
DA:73,0
DA:75,0
DA:77,0
DA:78,0
DA:86,0
DA:87,0
LF:41
LH:0
end_of_record
SF:lib\injection.dart
DA:15,0
DA:17,0
DA:18,0
DA:19,0
DA:20,0
DA:21,0
DA:22,0
DA:23,0
DA:25,0
DA:26,0
DA:28,0
DA:29,0
DA:31,0
DA:32,0
DA:33,0
DA:34,0
LF:16
LH:0
end_of_record
SF:lib\presentation\bloc\post_details\post_details_bloc.dart
DA:9,0
DA:10,0
DA:11,0
DA:14,0
DA:18,0
DA:20,0
DA:21,0
DA:22,0
DA:23,0
DA:25,0
DA:29,0
DA:33,0
DA:34,0
DA:35,0
DA:38,0
DA:40,0
DA:42,0
DA:44,0
LF:18
LH:0
end_of_record
SF:lib\presentation\bloc\comments\comments_bloc.dart
DA:9,0
DA:10,0
DA:13,0
DA:17,0
DA:19,0
DA:20,0
DA:22,0
LF:7
LH:0
end_of_record
SF:lib\presentation\bloc\offline\offline_bloc.dart
DA:9,0
DA:10,0
DA:11,0
DA:14,0
DA:18,0
DA:20,0
DA:21,0
DA:23,0
DA:27,0
DA:32,0
DA:33,0
DA:35,0
LF:12
LH:0
end_of_record
SF:lib\presentation\bloc\comments\comments_event.dart
DA:4,0
DA:6,0
DA:7,0
DA:13,0
DA:15,0
DA:16,0
LF:6
LH:0
end_of_record
SF:lib\presentation\bloc\comments\comments_state.dart
DA:5,0
DA:7,0
DA:8,0
DA:16,0
DA:18,0
DA:19,0
DA:25,0
DA:27,0
DA:28,0
LF:9
LH:0
end_of_record
SF:lib\presentation\bloc\offline\offline_event.dart
DA:4,0
DA:6,0
DA:7,0
LF:3
LH:0
end_of_record
SF:lib\presentation\bloc\offline\offline_state.dart
DA:5,1
DA:7,0
DA:8,0
DA:18,0
DA:20,0
DA:21,0
DA:27,1
DA:29,0
DA:30,0
DA:36,0
DA:38,0
DA:39,0
LF:12
LH:2
end_of_record
SF:lib\presentation\bloc\post_details\post_details_event.dart
DA:4,0
DA:6,0
DA:7,0
DA:13,0
DA:15,0
DA:16,0
DA:22,0
DA:24,0
DA:25,0
LF:9
LH:0
end_of_record
SF:lib\presentation\bloc\post_details\post_details_state.dart
DA:5,0
DA:7,0
DA:8,0
DA:19,0
DA:24,0
DA:25,0
DA:27,0
DA:28,0
DA:29,0
DA:30,0
DA:38,0
DA:40,0
DA:41,0
LF:13
LH:0
end_of_record
SF:lib\presentation\pages\offline_posts_page.dart
DA:12,1
DA:14,0
DA:16,0
DA:18,0
DA:19,0
DA:20,0
DA:22,0
DA:23,0
DA:24,0
DA:25,0
DA:26,0
DA:27,0
DA:31,0
DA:32,0
DA:33,0
DA:34,0
DA:35,0
DA:37,0
DA:38,0
DA:43,0
DA:44,0
LF:21
LH:1
end_of_record
SF:lib\presentation\widgets\post_tile.dart
DA:8,1
DA:10,1
DA:12,1
DA:13,1
DA:14,2
DA:15,3
DA:17,1
DA:18,6
DA:20,1
LF:9
LH:9
end_of_record
